Build started 01/09/2015 18:14:24.
     1>Project "c:\Users\administrator.trikusumo-think\documents\visual studio 2013\Projects\Nowadays\Nowadays\Nowadays.vcxproj" on node 2 (Build target(s)).
     1>ClCompile:
         C:\Program Files (x86)\Microsoft Visual Studio 12.0\VC\bin\CL.exe /c /Zi /nologo /W3 /WX- /sdl /O2 /Oi /Oy- /GL /D _MBCS /Gm- /EHsc /MD /GS /Gy /fp:precise /Zc:wchar_t /Zc:forScope /Fo"Release\\" /Fd"Release\vc120.pdb" /Gd /TP /analyze- /errorReport:prompt main.cpp
         main.cpp
     1>main.cpp(1): fatal error C1083: Cannot open include file: 'opencv2/objdetect.hpp': No such file or directory
     1>Done Building Project "c:\Users\administrator.trikusumo-think\documents\visual studio 2013\Projects\Nowadays\Nowadays\Nowadays.vcxproj" (Build target(s)) -- FAILED.

Build FAILED.

Time Elapsed 00:00:00.12
